Terminals unused in grammar

   T_private
   T_protected
   T_char
   T_times


State 25 conflicts: 1 shift/reduce
State 55 conflicts: 1 shift/reduce
State 95 conflicts: 10 shift/reduce
State 117 conflicts: 10 shift/reduce
State 120 conflicts: 10 shift/reduce
State 121 conflicts: 10 shift/reduce
State 122 conflicts: 10 shift/reduce
State 123 conflicts: 10 shift/reduce
State 124 conflicts: 10 shift/reduce
State 125 conflicts: 10 shift/reduce
State 126 conflicts: 10 shift/reduce


Grammar

    0 $accept: input $end

    1 input: MainProgram

    2 MainProgram: MainClass ClassDeclarationList

    3 MainClass: T_class Identifier T_lbrace T_public T_static T_void T_main T_lparen T_string T_lbracket T_rbracket Identifier T_rparen T_lbrace Statement T_rbrace T_rbrace

    4 ClassDeclarationList: /* empty */
    5                     | ClassDeclaration ClassDeclarationList

    6 ClassDeclaration: T_class Identifier ClassExtend T_lbrace VarDeclarationList MethodDeclarationList T_rbrace

    7 ClassExtend: /* empty */
    8            | T_lparen T_extends Identifier T_rparen

    9 VarDeclarationList: /* empty */
   10                   | VarDeclaration VarDeclarationList

   11 VarDeclaration: Type Identifier T_semi

   12 MethodDeclarationList: /* empty */
   13                      | MethodDeclaration MethodDeclarationList

   14 MethodDeclaration: T_public Type Identifier T_lparen ArgumentList T_rparen T_lbrace VarDeclarationList StatementList T_return Expression T_semi T_rbrace

   15 ArgumentList: /* empty */
   16             | Argument
   17             | Argument T_comma ArgumentList

   18 Argument: Type Identifier

   19 Type: T_int T_lbracket T_rbracket
   20     | T_boolean
   21     | T_int
   22     | Identifier

   23 StatementList: /* empty */
   24              | Statement StatementList

   25 Statement: T_lbrace StatementList T_rbrace
   26          | T_if T_lparen Expression T_rparen Statement T_else Statement
   27          | T_while T_lparen Expression T_rparen Statement
   28          | T_sop T_lparen Expression T_rparen T_semi
   29          | Identifier T_equal Expression T_semi
   30          | Identifier T_lbracket Expression T_rbracket T_equal Expression T_semi

   31 Expression: Expression T_and Expression
   32           | Expression T_less Expression
   33           | Expression T_plus Expression
   34           | Expression T_minus Expression
   35           | Expression T_star Expression
   36           | Expression T_divide Expression
   37           | Expression T_mod Expression
   38           | Expression T_or Expression
   39           | Expression T_lbracket Expression T_rbracket
   40           | Expression T_dot T_length
   41           | Expression T_dot Identifier T_lparen ExpressionList T_rparen
   42           | T_NUM
   43           | T_true
   44           | T_false
   45           | Identifier
   46           | T_this
   47           | T_new T_int T_lbracket Expression T_rbracket
   48           | T_new Identifier T_lparen T_rparen
   49           | T_not Expression
   50           | T_lparen Expression T_rparen

   51 ExpressionList: /* empty */
   52               | Expression T_comma ExpressionList
   53               | Expression

   54 Identifier: T_ID


Terminals, with rules where they appear

$end (0) 0
error (256)
T_NUM (258) 42
T_ID (259) 54
T_class (260) 3 6
T_public (261) 3 14
T_private (262)
T_protected (263)
T_static (264) 3
T_main (265) 3
T_extends (266) 8
T_return (267) 14
T_new (268) 47 48
T_void (269) 3
T_int (270) 19 21 47
T_boolean (271) 20
T_string (272) 3
T_char (273)
T_dot (274) 40 41
T_else (275) 26
T_star (276) 35
T_lparen (277) 3 8 14 26 27 28 41 48 50
T_rparen (278) 3 8 14 26 27 28 41 48 50
T_lbrace (279) 3 6 14 25
T_rbrace (280) 3 6 14 25
T_lbracket (281) 3 19 30 39 47
T_rbracket (282) 3 19 30 39 47
T_if (283) 26
T_while (284) 27
T_sop (285) 28
T_length (286) 40
T_true (287) 43
T_false (288) 44
T_this (289) 46
T_equal (290) 29 30
T_and (291) 31
T_less (292) 32
T_plus (293) 33
T_minus (294) 34
T_times (295)
T_divide (296) 36
T_mod (297) 37
T_or (298) 38
T_semi (299) 11 14 28 29 30
T_comma (300) 17 52
T_not (301) 49


Nonterminals, with rules where they appear

$accept (47)
    on left: 0
input (48)
    on left: 1, on right: 0
MainProgram (49)
    on left: 2, on right: 1
MainClass (50)
    on left: 3, on right: 2
ClassDeclarationList (51)
    on left: 4 5, on right: 2 5
ClassDeclaration (52)
    on left: 6, on right: 5
ClassExtend (53)
    on left: 7 8, on right: 6
VarDeclarationList (54)
    on left: 9 10, on right: 6 10 14
VarDeclaration (55)
    on left: 11, on right: 10
MethodDeclarationList (56)
    on left: 12 13, on right: 6 13
MethodDeclaration (57)
    on left: 14, on right: 13
ArgumentList (58)
    on left: 15 16 17, on right: 14 17
Argument (59)
    on left: 18, on right: 16 17
Type (60)
    on left: 19 20 21 22, on right: 11 14 18
StatementList (61)
    on left: 23 24, on right: 14 24 25
Statement (62)
    on left: 25 26 27 28 29 30, on right: 3 24 26 27
Expression (63)
    on left: 31 32 33 34 35 36 37 38 39 40 41 42 43 44 45 46 47 48
    49 50, on right: 14 26 27 28 29 30 31 32 33 34 35 36 37 38 39 40
    41 47 49 50 52 53
ExpressionList (64)
    on left: 51 52 53, on right: 41 52
Identifier (65)
    on left: 54, on right: 3 6 8 11 14 18 22 29 30 41 45 48


State 0

    0 $accept: . input $end

    T_class  shift, and go to state 1

    input        go to state 2
    MainProgram  go to state 3
    MainClass    go to state 4


State 1

    3 MainClass: T_class . Identifier T_lbrace T_public T_static T_void T_main T_lparen T_string T_lbracket T_rbracket Identifier T_rparen T_lbrace Statement T_rbrace T_rbrace

    T_ID  shift, and go to state 5

    Identifier  go to state 6


State 2

    0 $accept: input . $end

    $end  shift, and go to state 7


State 3

    1 input: MainProgram .

    $default  reduce using rule 1 (input)


State 4

    2 MainProgram: MainClass . ClassDeclarationList

    T_class  shift, and go to state 8

    $default  reduce using rule 4 (ClassDeclarationList)

    ClassDeclarationList  go to state 9
    ClassDeclaration      go to state 10


State 5

   54 Identifier: T_ID .

    $default  reduce using rule 54 (Identifier)


State 6

    3 MainClass: T_class Identifier . T_lbrace T_public T_static T_void T_main T_lparen T_string T_lbracket T_rbracket Identifier T_rparen T_lbrace Statement T_rbrace T_rbrace

    T_lbrace  shift, and go to state 11


State 7

    0 $accept: input $end .

    $default  accept


State 8

    6 ClassDeclaration: T_class . Identifier ClassExtend T_lbrace VarDeclarationList MethodDeclarationList T_rbrace

    T_ID  shift, and go to state 5

    Identifier  go to state 12


State 9

    2 MainProgram: MainClass ClassDeclarationList .

    $default  reduce using rule 2 (MainProgram)


State 10

    5 ClassDeclarationList: ClassDeclaration . ClassDeclarationList

    T_class  shift, and go to state 8

    $default  reduce using rule 4 (ClassDeclarationList)

    ClassDeclarationList  go to state 13
    ClassDeclaration      go to state 10


State 11

    3 MainClass: T_class Identifier T_lbrace . T_public T_static T_void T_main T_lparen T_string T_lbracket T_rbracket Identifier T_rparen T_lbrace Statement T_rbrace T_rbrace

    T_public  shift, and go to state 14


State 12

    6 ClassDeclaration: T_class Identifier . ClassExtend T_lbrace VarDeclarationList MethodDeclarationList T_rbrace

    T_lparen  shift, and go to state 15

    $default  reduce using rule 7 (ClassExtend)

    ClassExtend  go to state 16


State 13

    5 ClassDeclarationList: ClassDeclaration ClassDeclarationList .

    $default  reduce using rule 5 (ClassDeclarationList)


State 14

    3 MainClass: T_class Identifier T_lbrace T_public . T_static T_void T_main T_lparen T_string T_lbracket T_rbracket Identifier T_rparen T_lbrace Statement T_rbrace T_rbrace

    T_static  shift, and go to state 17


State 15

    8 ClassExtend: T_lparen . T_extends Identifier T_rparen

    T_extends  shift, and go to state 18


State 16

    6 ClassDeclaration: T_class Identifier ClassExtend . T_lbrace VarDeclarationList MethodDeclarationList T_rbrace

    T_lbrace  shift, and go to state 19


State 17

    3 MainClass: T_class Identifier T_lbrace T_public T_static . T_void T_main T_lparen T_string T_lbracket T_rbracket Identifier T_rparen T_lbrace Statement T_rbrace T_rbrace

    T_void  shift, and go to state 20


State 18

    8 ClassExtend: T_lparen T_extends . Identifier T_rparen

    T_ID  shift, and go to state 5

    Identifier  go to state 21


State 19

    6 ClassDeclaration: T_class Identifier ClassExtend T_lbrace . VarDeclarationList MethodDeclarationList T_rbrace

    T_ID       shift, and go to state 5
    T_int      shift, and go to state 22
    T_boolean  shift, and go to state 23

    $default  reduce using rule 9 (VarDeclarationList)

    VarDeclarationList  go to state 24
    VarDeclaration      go to state 25
    Type                go to state 26
    Identifier          go to state 27


State 20

    3 MainClass: T_class Identifier T_lbrace T_public T_static T_void . T_main T_lparen T_string T_lbracket T_rbracket Identifier T_rparen T_lbrace Statement T_rbrace T_rbrace

    T_main  shift, and go to state 28


State 21

    8 ClassExtend: T_lparen T_extends Identifier . T_rparen

    T_rparen  shift, and go to state 29


State 22

   19 Type: T_int . T_lbracket T_rbracket
   21     | T_int .

    T_lbracket  shift, and go to state 30

    $default  reduce using rule 21 (Type)


State 23

   20 Type: T_boolean .

    $default  reduce using rule 20 (Type)


State 24

    6 ClassDeclaration: T_class Identifier ClassExtend T_lbrace VarDeclarationList . MethodDeclarationList T_rbrace

    T_public  shift, and go to state 31

    $default  reduce using rule 12 (MethodDeclarationList)

    MethodDeclarationList  go to state 32
    MethodDeclaration      go to state 33


State 25

   10 VarDeclarationList: VarDeclaration . VarDeclarationList

    T_ID       shift, and go to state 5
    T_int      shift, and go to state 22
    T_boolean  shift, and go to state 23

    T_ID      [reduce using rule 9 (VarDeclarationList)]
    $default  reduce using rule 9 (VarDeclarationList)

    VarDeclarationList  go to state 34
    VarDeclaration      go to state 25
    Type                go to state 26
    Identifier          go to state 27


State 26

   11 VarDeclaration: Type . Identifier T_semi

    T_ID  shift, and go to state 5

    Identifier  go to state 35


State 27

   22 Type: Identifier .

    $default  reduce using rule 22 (Type)


State 28

    3 MainClass: T_class Identifier T_lbrace T_public T_static T_void T_main . T_lparen T_string T_lbracket T_rbracket Identifier T_rparen T_lbrace Statement T_rbrace T_rbrace

    T_lparen  shift, and go to state 36


State 29

    8 ClassExtend: T_lparen T_extends Identifier T_rparen .

    $default  reduce using rule 8 (ClassExtend)


State 30

   19 Type: T_int T_lbracket . T_rbracket

    T_rbracket  shift, and go to state 37


State 31

   14 MethodDeclaration: T_public . Type Identifier T_lparen ArgumentList T_rparen T_lbrace VarDeclarationList StatementList T_return Expression T_semi T_rbrace

    T_ID       shift, and go to state 5
    T_int      shift, and go to state 22
    T_boolean  shift, and go to state 23

    Type        go to state 38
    Identifier  go to state 27


State 32

    6 ClassDeclaration: T_class Identifier ClassExtend T_lbrace VarDeclarationList MethodDeclarationList . T_rbrace

    T_rbrace  shift, and go to state 39


State 33

   13 MethodDeclarationList: MethodDeclaration . MethodDeclarationList

    T_public  shift, and go to state 31

    $default  reduce using rule 12 (MethodDeclarationList)

    MethodDeclarationList  go to state 40
    MethodDeclaration      go to state 33


State 34

   10 VarDeclarationList: VarDeclaration VarDeclarationList .

    $default  reduce using rule 10 (VarDeclarationList)


State 35

   11 VarDeclaration: Type Identifier . T_semi

    T_semi  shift, and go to state 41


State 36

    3 MainClass: T_class Identifier T_lbrace T_public T_static T_void T_main T_lparen . T_string T_lbracket T_rbracket Identifier T_rparen T_lbrace Statement T_rbrace T_rbrace

    T_string  shift, and go to state 42


State 37

   19 Type: T_int T_lbracket T_rbracket .

    $default  reduce using rule 19 (Type)


State 38

   14 MethodDeclaration: T_public Type . Identifier T_lparen ArgumentList T_rparen T_lbrace VarDeclarationList StatementList T_return Expression T_semi T_rbrace

    T_ID  shift, and go to state 5

    Identifier  go to state 43


State 39

    6 ClassDeclaration: T_class Identifier ClassExtend T_lbrace VarDeclarationList MethodDeclarationList T_rbrace .

    $default  reduce using rule 6 (ClassDeclaration)


State 40

   13 MethodDeclarationList: MethodDeclaration MethodDeclarationList .

    $default  reduce using rule 13 (MethodDeclarationList)


State 41

   11 VarDeclaration: Type Identifier T_semi .

    $default  reduce using rule 11 (VarDeclaration)


State 42

    3 MainClass: T_class Identifier T_lbrace T_public T_static T_void T_main T_lparen T_string . T_lbracket T_rbracket Identifier T_rparen T_lbrace Statement T_rbrace T_rbrace

    T_lbracket  shift, and go to state 44


State 43

   14 MethodDeclaration: T_public Type Identifier . T_lparen ArgumentList T_rparen T_lbrace VarDeclarationList StatementList T_return Expression T_semi T_rbrace

    T_lparen  shift, and go to state 45


State 44

    3 MainClass: T_class Identifier T_lbrace T_public T_static T_void T_main T_lparen T_string T_lbracket . T_rbracket Identifier T_rparen T_lbrace Statement T_rbrace T_rbrace

    T_rbracket  shift, and go to state 46


State 45

   14 MethodDeclaration: T_public Type Identifier T_lparen . ArgumentList T_rparen T_lbrace VarDeclarationList StatementList T_return Expression T_semi T_rbrace

    T_ID       shift, and go to state 5
    T_int      shift, and go to state 22
    T_boolean  shift, and go to state 23

    $default  reduce using rule 15 (ArgumentList)

    ArgumentList  go to state 47
    Argument      go to state 48
    Type          go to state 49
    Identifier    go to state 27


State 46

    3 MainClass: T_class Identifier T_lbrace T_public T_static T_void T_main T_lparen T_string T_lbracket T_rbracket . Identifier T_rparen T_lbrace Statement T_rbrace T_rbrace

    T_ID  shift, and go to state 5

    Identifier  go to state 50


State 47

   14 MethodDeclaration: T_public Type Identifier T_lparen ArgumentList . T_rparen T_lbrace VarDeclarationList StatementList T_return Expression T_semi T_rbrace

    T_rparen  shift, and go to state 51


State 48

   16 ArgumentList: Argument .
   17             | Argument . T_comma ArgumentList

    T_comma  shift, and go to state 52

    $default  reduce using rule 16 (ArgumentList)


State 49

   18 Argument: Type . Identifier

    T_ID  shift, and go to state 5

    Identifier  go to state 53


State 50

    3 MainClass: T_class Identifier T_lbrace T_public T_static T_void T_main T_lparen T_string T_lbracket T_rbracket Identifier . T_rparen T_lbrace Statement T_rbrace T_rbrace

    T_rparen  shift, and go to state 54


State 51

   14 MethodDeclaration: T_public Type Identifier T_lparen ArgumentList T_rparen . T_lbrace VarDeclarationList StatementList T_return Expression T_semi T_rbrace

    T_lbrace  shift, and go to state 55


State 52

   17 ArgumentList: Argument T_comma . ArgumentList

    T_ID       shift, and go to state 5
    T_int      shift, and go to state 22
    T_boolean  shift, and go to state 23

    $default  reduce using rule 15 (ArgumentList)

    ArgumentList  go to state 56
    Argument      go to state 48
    Type          go to state 49
    Identifier    go to state 27


State 53

   18 Argument: Type Identifier .

    $default  reduce using rule 18 (Argument)


State 54

    3 MainClass: T_class Identifier T_lbrace T_public T_static T_void T_main T_lparen T_string T_lbracket T_rbracket Identifier T_rparen . T_lbrace Statement T_rbrace T_rbrace

    T_lbrace  shift, and go to state 57


State 55

   14 MethodDeclaration: T_public Type Identifier T_lparen ArgumentList T_rparen T_lbrace . VarDeclarationList StatementList T_return Expression T_semi T_rbrace

    T_ID       shift, and go to state 5
    T_int      shift, and go to state 22
    T_boolean  shift, and go to state 23

    T_ID      [reduce using rule 9 (VarDeclarationList)]
    $default  reduce using rule 9 (VarDeclarationList)

    VarDeclarationList  go to state 58
    VarDeclaration      go to state 25
    Type                go to state 26
    Identifier          go to state 27


State 56

   17 ArgumentList: Argument T_comma ArgumentList .

    $default  reduce using rule 17 (ArgumentList)


State 57

    3 MainClass: T_class Identifier T_lbrace T_public T_static T_void T_main T_lparen T_string T_lbracket T_rbracket Identifier T_rparen T_lbrace . Statement T_rbrace T_rbrace

    T_ID      shift, and go to state 5
    T_lbrace  shift, and go to state 59
    T_if      shift, and go to state 60
    T_while   shift, and go to state 61
    T_sop     shift, and go to state 62

    Statement   go to state 63
    Identifier  go to state 64


State 58

   14 MethodDeclaration: T_public Type Identifier T_lparen ArgumentList T_rparen T_lbrace VarDeclarationList . StatementList T_return Expression T_semi T_rbrace

    T_ID      shift, and go to state 5
    T_lbrace  shift, and go to state 59
    T_if      shift, and go to state 60
    T_while   shift, and go to state 61
    T_sop     shift, and go to state 62

    $default  reduce using rule 23 (StatementList)

    StatementList  go to state 65
    Statement      go to state 66
    Identifier     go to state 64


State 59

   25 Statement: T_lbrace . StatementList T_rbrace

    T_ID      shift, and go to state 5
    T_lbrace  shift, and go to state 59
    T_if      shift, and go to state 60
    T_while   shift, and go to state 61
    T_sop     shift, and go to state 62

    $default  reduce using rule 23 (StatementList)

    StatementList  go to state 67
    Statement      go to state 66
    Identifier     go to state 64


State 60

   26 Statement: T_if . T_lparen Expression T_rparen Statement T_else Statement

    T_lparen  shift, and go to state 68


State 61

   27 Statement: T_while . T_lparen Expression T_rparen Statement

    T_lparen  shift, and go to state 69


State 62

   28 Statement: T_sop . T_lparen Expression T_rparen T_semi

    T_lparen  shift, and go to state 70


State 63

    3 MainClass: T_class Identifier T_lbrace T_public T_static T_void T_main T_lparen T_string T_lbracket T_rbracket Identifier T_rparen T_lbrace Statement . T_rbrace T_rbrace

    T_rbrace  shift, and go to state 71


State 64

   29 Statement: Identifier . T_equal Expression T_semi
   30          | Identifier . T_lbracket Expression T_rbracket T_equal Expression T_semi

    T_lbracket  shift, and go to state 72
    T_equal     shift, and go to state 73


State 65

   14 MethodDeclaration: T_public Type Identifier T_lparen ArgumentList T_rparen T_lbrace VarDeclarationList StatementList . T_return Expression T_semi T_rbrace

    T_return  shift, and go to state 74


State 66

   24 StatementList: Statement . StatementList

    T_ID      shift, and go to state 5
    T_lbrace  shift, and go to state 59
    T_if      shift, and go to state 60
    T_while   shift, and go to state 61
    T_sop     shift, and go to state 62

    $default  reduce using rule 23 (StatementList)

    StatementList  go to state 75
    Statement      go to state 66
    Identifier     go to state 64


State 67

   25 Statement: T_lbrace StatementList . T_rbrace

    T_rbrace  shift, and go to state 76


State 68

   26 Statement: T_if T_lparen . Expression T_rparen Statement T_else Statement

    T_NUM     shift, and go to state 77
    T_ID      shift, and go to state 5
    T_new     shift, and go to state 78
    T_lparen  shift, and go to state 79
    T_true    shift, and go to state 80
    T_false   shift, and go to state 81
    T_this    shift, and go to state 82
    T_not     shift, and go to state 83

    Expression  go to state 84
    Identifier  go to state 85


State 69

   27 Statement: T_while T_lparen . Expression T_rparen Statement

    T_NUM     shift, and go to state 77
    T_ID      shift, and go to state 5
    T_new     shift, and go to state 78
    T_lparen  shift, and go to state 79
    T_true    shift, and go to state 80
    T_false   shift, and go to state 81
    T_this    shift, and go to state 82
    T_not     shift, and go to state 83

    Expression  go to state 86
    Identifier  go to state 85


State 70

   28 Statement: T_sop T_lparen . Expression T_rparen T_semi

    T_NUM     shift, and go to state 77
    T_ID      shift, and go to state 5
    T_new     shift, and go to state 78
    T_lparen  shift, and go to state 79
    T_true    shift, and go to state 80
    T_false   shift, and go to state 81
    T_this    shift, and go to state 82
    T_not     shift, and go to state 83

    Expression  go to state 87
    Identifier  go to state 85


State 71

    3 MainClass: T_class Identifier T_lbrace T_public T_static T_void T_main T_lparen T_string T_lbracket T_rbracket Identifier T_rparen T_lbrace Statement T_rbrace . T_rbrace

    T_rbrace  shift, and go to state 88


State 72

   30 Statement: Identifier T_lbracket . Expression T_rbracket T_equal Expression T_semi

    T_NUM     shift, and go to state 77
    T_ID      shift, and go to state 5
    T_new     shift, and go to state 78
    T_lparen  shift, and go to state 79
    T_true    shift, and go to state 80
    T_false   shift, and go to state 81
    T_this    shift, and go to state 82
    T_not     shift, and go to state 83

    Expression  go to state 89
    Identifier  go to state 85


State 73

   29 Statement: Identifier T_equal . Expression T_semi

    T_NUM     shift, and go to state 77
    T_ID      shift, and go to state 5
    T_new     shift, and go to state 78
    T_lparen  shift, and go to state 79
    T_true    shift, and go to state 80
    T_false   shift, and go to state 81
    T_this    shift, and go to state 82
    T_not     shift, and go to state 83

    Expression  go to state 90
    Identifier  go to state 85


State 74

   14 MethodDeclaration: T_public Type Identifier T_lparen ArgumentList T_rparen T_lbrace VarDeclarationList StatementList T_return . Expression T_semi T_rbrace

    T_NUM     shift, and go to state 77
    T_ID      shift, and go to state 5
    T_new     shift, and go to state 78
    T_lparen  shift, and go to state 79
    T_true    shift, and go to state 80
    T_false   shift, and go to state 81
    T_this    shift, and go to state 82
    T_not     shift, and go to state 83

    Expression  go to state 91
    Identifier  go to state 85


State 75

   24 StatementList: Statement StatementList .

    $default  reduce using rule 24 (StatementList)


State 76

   25 Statement: T_lbrace StatementList T_rbrace .

    $default  reduce using rule 25 (Statement)


State 77

   42 Expression: T_NUM .

    $default  reduce using rule 42 (Expression)


State 78

   47 Expression: T_new . T_int T_lbracket Expression T_rbracket
   48           | T_new . Identifier T_lparen T_rparen

    T_ID   shift, and go to state 5
    T_int  shift, and go to state 92

    Identifier  go to state 93


State 79

   50 Expression: T_lparen . Expression T_rparen

    T_NUM     shift, and go to state 77
    T_ID      shift, and go to state 5
    T_new     shift, and go to state 78
    T_lparen  shift, and go to state 79
    T_true    shift, and go to state 80
    T_false   shift, and go to state 81
    T_this    shift, and go to state 82
    T_not     shift, and go to state 83

    Expression  go to state 94
    Identifier  go to state 85


State 80

   43 Expression: T_true .

    $default  reduce using rule 43 (Expression)


State 81

   44 Expression: T_false .

    $default  reduce using rule 44 (Expression)


State 82

   46 Expression: T_this .

    $default  reduce using rule 46 (Expression)


State 83

   49 Expression: T_not . Expression

    T_NUM     shift, and go to state 77
    T_ID      shift, and go to state 5
    T_new     shift, and go to state 78
    T_lparen  shift, and go to state 79
    T_true    shift, and go to state 80
    T_false   shift, and go to state 81
    T_this    shift, and go to state 82
    T_not     shift, and go to state 83

    Expression  go to state 95
    Identifier  go to state 85


State 84

   26 Statement: T_if T_lparen Expression . T_rparen Statement T_else Statement
   31 Expression: Expression . T_and Expression
   32           | Expression . T_less Expression
   33           | Expression . T_plus Expression
   34           | Expression . T_minus Expression
   35           | Expression . T_star Expression
   36           | Expression . T_divide Expression
   37           | Expression . T_mod Expression
   38           | Expression . T_or Expression
   39           | Expression . T_lbracket Expression T_rbracket
   40           | Expression . T_dot T_length
   41           | Expression . T_dot Identifier T_lparen ExpressionList T_rparen

    T_dot       shift, and go to state 96
    T_star      shift, and go to state 97
    T_rparen    shift, and go to state 98
    T_lbracket  shift, and go to state 99
    T_and       shift, and go to state 100
    T_less      shift, and go to state 101
    T_plus      shift, and go to state 102
    T_minus     shift, and go to state 103
    T_divide    shift, and go to state 104
    T_mod       shift, and go to state 105
    T_or        shift, and go to state 106


State 85

   45 Expression: Identifier .

    $default  reduce using rule 45 (Expression)


State 86

   27 Statement: T_while T_lparen Expression . T_rparen Statement
   31 Expression: Expression . T_and Expression
   32           | Expression . T_less Expression
   33           | Expression . T_plus Expression
   34           | Expression . T_minus Expression
   35           | Expression . T_star Expression
   36           | Expression . T_divide Expression
   37           | Expression . T_mod Expression
   38           | Expression . T_or Expression
   39           | Expression . T_lbracket Expression T_rbracket
   40           | Expression . T_dot T_length
   41           | Expression . T_dot Identifier T_lparen ExpressionList T_rparen

    T_dot       shift, and go to state 96
    T_star      shift, and go to state 97
    T_rparen    shift, and go to state 107
    T_lbracket  shift, and go to state 99
    T_and       shift, and go to state 100
    T_less      shift, and go to state 101
    T_plus      shift, and go to state 102
    T_minus     shift, and go to state 103
    T_divide    shift, and go to state 104
    T_mod       shift, and go to state 105
    T_or        shift, and go to state 106


State 87

   28 Statement: T_sop T_lparen Expression . T_rparen T_semi
   31 Expression: Expression . T_and Expression
   32           | Expression . T_less Expression
   33           | Expression . T_plus Expression
   34           | Expression . T_minus Expression
   35           | Expression . T_star Expression
   36           | Expression . T_divide Expression
   37           | Expression . T_mod Expression
   38           | Expression . T_or Expression
   39           | Expression . T_lbracket Expression T_rbracket
   40           | Expression . T_dot T_length
   41           | Expression . T_dot Identifier T_lparen ExpressionList T_rparen

    T_dot       shift, and go to state 96
    T_star      shift, and go to state 97
    T_rparen    shift, and go to state 108
    T_lbracket  shift, and go to state 99
    T_and       shift, and go to state 100
    T_less      shift, and go to state 101
    T_plus      shift, and go to state 102
    T_minus     shift, and go to state 103
    T_divide    shift, and go to state 104
    T_mod       shift, and go to state 105
    T_or        shift, and go to state 106


State 88

    3 MainClass: T_class Identifier T_lbrace T_public T_static T_void T_main T_lparen T_string T_lbracket T_rbracket Identifier T_rparen T_lbrace Statement T_rbrace T_rbrace .

    $default  reduce using rule 3 (MainClass)


State 89

   30 Statement: Identifier T_lbracket Expression . T_rbracket T_equal Expression T_semi
   31 Expression: Expression . T_and Expression
   32           | Expression . T_less Expression
   33           | Expression . T_plus Expression
   34           | Expression . T_minus Expression
   35           | Expression . T_star Expression
   36           | Expression . T_divide Expression
   37           | Expression . T_mod Expression
   38           | Expression . T_or Expression
   39           | Expression . T_lbracket Expression T_rbracket
   40           | Expression . T_dot T_length
   41           | Expression . T_dot Identifier T_lparen ExpressionList T_rparen

    T_dot       shift, and go to state 96
    T_star      shift, and go to state 97
    T_lbracket  shift, and go to state 99
    T_rbracket  shift, and go to state 109
    T_and       shift, and go to state 100
    T_less      shift, and go to state 101
    T_plus      shift, and go to state 102
    T_minus     shift, and go to state 103
    T_divide    shift, and go to state 104
    T_mod       shift, and go to state 105
    T_or        shift, and go to state 106


State 90

   29 Statement: Identifier T_equal Expression . T_semi
   31 Expression: Expression . T_and Expression
   32           | Expression . T_less Expression
   33           | Expression . T_plus Expression
   34           | Expression . T_minus Expression
   35           | Expression . T_star Expression
   36           | Expression . T_divide Expression
   37           | Expression . T_mod Expression
   38           | Expression . T_or Expression
   39           | Expression . T_lbracket Expression T_rbracket
   40           | Expression . T_dot T_length
   41           | Expression . T_dot Identifier T_lparen ExpressionList T_rparen

    T_dot       shift, and go to state 96
    T_star      shift, and go to state 97
    T_lbracket  shift, and go to state 99
    T_and       shift, and go to state 100
    T_less      shift, and go to state 101
    T_plus      shift, and go to state 102
    T_minus     shift, and go to state 103
    T_divide    shift, and go to state 104
    T_mod       shift, and go to state 105
    T_or        shift, and go to state 106
    T_semi      shift, and go to state 110


State 91

   14 MethodDeclaration: T_public Type Identifier T_lparen ArgumentList T_rparen T_lbrace VarDeclarationList StatementList T_return Expression . T_semi T_rbrace
   31 Expression: Expression . T_and Expression
   32           | Expression . T_less Expression
   33           | Expression . T_plus Expression
   34           | Expression . T_minus Expression
   35           | Expression . T_star Expression
   36           | Expression . T_divide Expression
   37           | Expression . T_mod Expression
   38           | Expression . T_or Expression
   39           | Expression . T_lbracket Expression T_rbracket
   40           | Expression . T_dot T_length
   41           | Expression . T_dot Identifier T_lparen ExpressionList T_rparen

    T_dot       shift, and go to state 96
    T_star      shift, and go to state 97
    T_lbracket  shift, and go to state 99
    T_and       shift, and go to state 100
    T_less      shift, and go to state 101
    T_plus      shift, and go to state 102
    T_minus     shift, and go to state 103
    T_divide    shift, and go to state 104
    T_mod       shift, and go to state 105
    T_or        shift, and go to state 106
    T_semi      shift, and go to state 111


State 92

   47 Expression: T_new T_int . T_lbracket Expression T_rbracket

    T_lbracket  shift, and go to state 112


State 93

   48 Expression: T_new Identifier . T_lparen T_rparen

    T_lparen  shift, and go to state 113


State 94

   31 Expression: Expression . T_and Expression
   32           | Expression . T_less Expression
   33           | Expression . T_plus Expression
   34           | Expression . T_minus Expression
   35           | Expression . T_star Expression
   36           | Expression . T_divide Expression
   37           | Expression . T_mod Expression
   38           | Expression . T_or Expression
   39           | Expression . T_lbracket Expression T_rbracket
   40           | Expression . T_dot T_length
   41           | Expression . T_dot Identifier T_lparen ExpressionList T_rparen
   50           | T_lparen Expression . T_rparen

    T_dot       shift, and go to state 96
    T_star      shift, and go to state 97
    T_rparen    shift, and go to state 114
    T_lbracket  shift, and go to state 99
    T_and       shift, and go to state 100
    T_less      shift, and go to state 101
    T_plus      shift, and go to state 102
    T_minus     shift, and go to state 103
    T_divide    shift, and go to state 104
    T_mod       shift, and go to state 105
    T_or        shift, and go to state 106


State 95

   31 Expression: Expression . T_and Expression
   32           | Expression . T_less Expression
   33           | Expression . T_plus Expression
   34           | Expression . T_minus Expression
   35           | Expression . T_star Expression
   36           | Expression . T_divide Expression
   37           | Expression . T_mod Expression
   38           | Expression . T_or Expression
   39           | Expression . T_lbracket Expression T_rbracket
   40           | Expression . T_dot T_length
   41           | Expression . T_dot Identifier T_lparen ExpressionList T_rparen
   49           | T_not Expression .

    T_dot       shift, and go to state 96
    T_star      shift, and go to state 97
    T_lbracket  shift, and go to state 99
    T_and       shift, and go to state 100
    T_less      shift, and go to state 101
    T_plus      shift, and go to state 102
    T_minus     shift, and go to state 103
    T_divide    shift, and go to state 104
    T_mod       shift, and go to state 105
    T_or        shift, and go to state 106

    T_dot       [reduce using rule 49 (Expression)]
    T_star      [reduce using rule 49 (Expression)]
    T_lbracket  [reduce using rule 49 (Expression)]
    T_and       [reduce using rule 49 (Expression)]
    T_less      [reduce using rule 49 (Expression)]
    T_plus      [reduce using rule 49 (Expression)]
    T_minus     [reduce using rule 49 (Expression)]
    T_divide    [reduce using rule 49 (Expression)]
    T_mod       [reduce using rule 49 (Expression)]
    T_or        [reduce using rule 49 (Expression)]
    $default    reduce using rule 49 (Expression)


State 96

   40 Expression: Expression T_dot . T_length
   41           | Expression T_dot . Identifier T_lparen ExpressionList T_rparen

    T_ID      shift, and go to state 5
    T_length  shift, and go to state 115

    Identifier  go to state 116


State 97

   35 Expression: Expression T_star . Expression

    T_NUM     shift, and go to state 77
    T_ID      shift, and go to state 5
    T_new     shift, and go to state 78
    T_lparen  shift, and go to state 79
    T_true    shift, and go to state 80
    T_false   shift, and go to state 81
    T_this    shift, and go to state 82
    T_not     shift, and go to state 83

    Expression  go to state 117
    Identifier  go to state 85


State 98

   26 Statement: T_if T_lparen Expression T_rparen . Statement T_else Statement

    T_ID      shift, and go to state 5
    T_lbrace  shift, and go to state 59
    T_if      shift, and go to state 60
    T_while   shift, and go to state 61
    T_sop     shift, and go to state 62

    Statement   go to state 118
    Identifier  go to state 64


State 99

   39 Expression: Expression T_lbracket . Expression T_rbracket

    T_NUM     shift, and go to state 77
    T_ID      shift, and go to state 5
    T_new     shift, and go to state 78
    T_lparen  shift, and go to state 79
    T_true    shift, and go to state 80
    T_false   shift, and go to state 81
    T_this    shift, and go to state 82
    T_not     shift, and go to state 83

    Expression  go to state 119
    Identifier  go to state 85


State 100

   31 Expression: Expression T_and . Expression

    T_NUM     shift, and go to state 77
    T_ID      shift, and go to state 5
    T_new     shift, and go to state 78
    T_lparen  shift, and go to state 79
    T_true    shift, and go to state 80
    T_false   shift, and go to state 81
    T_this    shift, and go to state 82
    T_not     shift, and go to state 83

    Expression  go to state 120
    Identifier  go to state 85


State 101

   32 Expression: Expression T_less . Expression

    T_NUM     shift, and go to state 77
    T_ID      shift, and go to state 5
    T_new     shift, and go to state 78
    T_lparen  shift, and go to state 79
    T_true    shift, and go to state 80
    T_false   shift, and go to state 81
    T_this    shift, and go to state 82
    T_not     shift, and go to state 83

    Expression  go to state 121
    Identifier  go to state 85


State 102

   33 Expression: Expression T_plus . Expression

    T_NUM     shift, and go to state 77
    T_ID      shift, and go to state 5
    T_new     shift, and go to state 78
    T_lparen  shift, and go to state 79
    T_true    shift, and go to state 80
    T_false   shift, and go to state 81
    T_this    shift, and go to state 82
    T_not     shift, and go to state 83

    Expression  go to state 122
    Identifier  go to state 85


State 103

   34 Expression: Expression T_minus . Expression

    T_NUM     shift, and go to state 77
    T_ID      shift, and go to state 5
    T_new     shift, and go to state 78
    T_lparen  shift, and go to state 79
    T_true    shift, and go to state 80
    T_false   shift, and go to state 81
    T_this    shift, and go to state 82
    T_not     shift, and go to state 83

    Expression  go to state 123
    Identifier  go to state 85


State 104

   36 Expression: Expression T_divide . Expression

    T_NUM     shift, and go to state 77
    T_ID      shift, and go to state 5
    T_new     shift, and go to state 78
    T_lparen  shift, and go to state 79
    T_true    shift, and go to state 80
    T_false   shift, and go to state 81
    T_this    shift, and go to state 82
    T_not     shift, and go to state 83

    Expression  go to state 124
    Identifier  go to state 85


State 105

   37 Expression: Expression T_mod . Expression

    T_NUM     shift, and go to state 77
    T_ID      shift, and go to state 5
    T_new     shift, and go to state 78
    T_lparen  shift, and go to state 79
    T_true    shift, and go to state 80
    T_false   shift, and go to state 81
    T_this    shift, and go to state 82
    T_not     shift, and go to state 83

    Expression  go to state 125
    Identifier  go to state 85


State 106

   38 Expression: Expression T_or . Expression

    T_NUM     shift, and go to state 77
    T_ID      shift, and go to state 5
    T_new     shift, and go to state 78
    T_lparen  shift, and go to state 79
    T_true    shift, and go to state 80
    T_false   shift, and go to state 81
    T_this    shift, and go to state 82
    T_not     shift, and go to state 83

    Expression  go to state 126
    Identifier  go to state 85


State 107

   27 Statement: T_while T_lparen Expression T_rparen . Statement

    T_ID      shift, and go to state 5
    T_lbrace  shift, and go to state 59
    T_if      shift, and go to state 60
    T_while   shift, and go to state 61
    T_sop     shift, and go to state 62

    Statement   go to state 127
    Identifier  go to state 64


State 108

   28 Statement: T_sop T_lparen Expression T_rparen . T_semi

    T_semi  shift, and go to state 128


State 109

   30 Statement: Identifier T_lbracket Expression T_rbracket . T_equal Expression T_semi

    T_equal  shift, and go to state 129


State 110

   29 Statement: Identifier T_equal Expression T_semi .

    $default  reduce using rule 29 (Statement)


State 111

   14 MethodDeclaration: T_public Type Identifier T_lparen ArgumentList T_rparen T_lbrace VarDeclarationList StatementList T_return Expression T_semi . T_rbrace

    T_rbrace  shift, and go to state 130


State 112

   47 Expression: T_new T_int T_lbracket . Expression T_rbracket

    T_NUM     shift, and go to state 77
    T_ID      shift, and go to state 5
    T_new     shift, and go to state 78
    T_lparen  shift, and go to state 79
    T_true    shift, and go to state 80
    T_false   shift, and go to state 81
    T_this    shift, and go to state 82
    T_not     shift, and go to state 83

    Expression  go to state 131
    Identifier  go to state 85


State 113

   48 Expression: T_new Identifier T_lparen . T_rparen

    T_rparen  shift, and go to state 132


State 114

   50 Expression: T_lparen Expression T_rparen .

    $default  reduce using rule 50 (Expression)


State 115

   40 Expression: Expression T_dot T_length .

    $default  reduce using rule 40 (Expression)


State 116

   41 Expression: Expression T_dot Identifier . T_lparen ExpressionList T_rparen

    T_lparen  shift, and go to state 133


State 117

   31 Expression: Expression . T_and Expression
   32           | Expression . T_less Expression
   33           | Expression . T_plus Expression
   34           | Expression . T_minus Expression
   35           | Expression . T_star Expression
   35           | Expression T_star Expression .
   36           | Expression . T_divide Expression
   37           | Expression . T_mod Expression
   38           | Expression . T_or Expression
   39           | Expression . T_lbracket Expression T_rbracket
   40           | Expression . T_dot T_length
   41           | Expression . T_dot Identifier T_lparen ExpressionList T_rparen

    T_dot       shift, and go to state 96
    T_star      shift, and go to state 97
    T_lbracket  shift, and go to state 99
    T_and       shift, and go to state 100
    T_less      shift, and go to state 101
    T_plus      shift, and go to state 102
    T_minus     shift, and go to state 103
    T_divide    shift, and go to state 104
    T_mod       shift, and go to state 105
    T_or        shift, and go to state 106

    T_dot       [reduce using rule 35 (Expression)]
    T_star      [reduce using rule 35 (Expression)]
    T_lbracket  [reduce using rule 35 (Expression)]
    T_and       [reduce using rule 35 (Expression)]
    T_less      [reduce using rule 35 (Expression)]
    T_plus      [reduce using rule 35 (Expression)]
    T_minus     [reduce using rule 35 (Expression)]
    T_divide    [reduce using rule 35 (Expression)]
    T_mod       [reduce using rule 35 (Expression)]
    T_or        [reduce using rule 35 (Expression)]
    $default    reduce using rule 35 (Expression)


State 118

   26 Statement: T_if T_lparen Expression T_rparen Statement . T_else Statement

    T_else  shift, and go to state 134


State 119

   31 Expression: Expression . T_and Expression
   32           | Expression . T_less Expression
   33           | Expression . T_plus Expression
   34           | Expression . T_minus Expression
   35           | Expression . T_star Expression
   36           | Expression . T_divide Expression
   37           | Expression . T_mod Expression
   38           | Expression . T_or Expression
   39           | Expression . T_lbracket Expression T_rbracket
   39           | Expression T_lbracket Expression . T_rbracket
   40           | Expression . T_dot T_length
   41           | Expression . T_dot Identifier T_lparen ExpressionList T_rparen

    T_dot       shift, and go to state 96
    T_star      shift, and go to state 97
    T_lbracket  shift, and go to state 99
    T_rbracket  shift, and go to state 135
    T_and       shift, and go to state 100
    T_less      shift, and go to state 101
    T_plus      shift, and go to state 102
    T_minus     shift, and go to state 103
    T_divide    shift, and go to state 104
    T_mod       shift, and go to state 105
    T_or        shift, and go to state 106


State 120

   31 Expression: Expression . T_and Expression
   31           | Expression T_and Expression .
   32           | Expression . T_less Expression
   33           | Expression . T_plus Expression
   34           | Expression . T_minus Expression
   35           | Expression . T_star Expression
   36           | Expression . T_divide Expression
   37           | Expression . T_mod Expression
   38           | Expression . T_or Expression
   39           | Expression . T_lbracket Expression T_rbracket
   40           | Expression . T_dot T_length
   41           | Expression . T_dot Identifier T_lparen ExpressionList T_rparen

    T_dot       shift, and go to state 96
    T_star      shift, and go to state 97
    T_lbracket  shift, and go to state 99
    T_and       shift, and go to state 100
    T_less      shift, and go to state 101
    T_plus      shift, and go to state 102
    T_minus     shift, and go to state 103
    T_divide    shift, and go to state 104
    T_mod       shift, and go to state 105
    T_or        shift, and go to state 106

    T_dot       [reduce using rule 31 (Expression)]
    T_star      [reduce using rule 31 (Expression)]
    T_lbracket  [reduce using rule 31 (Expression)]
    T_and       [reduce using rule 31 (Expression)]
    T_less      [reduce using rule 31 (Expression)]
    T_plus      [reduce using rule 31 (Expression)]
    T_minus     [reduce using rule 31 (Expression)]
    T_divide    [reduce using rule 31 (Expression)]
    T_mod       [reduce using rule 31 (Expression)]
    T_or        [reduce using rule 31 (Expression)]
    $default    reduce using rule 31 (Expression)


State 121

   31 Expression: Expression . T_and Expression
   32           | Expression . T_less Expression
   32           | Expression T_less Expression .
   33           | Expression . T_plus Expression
   34           | Expression . T_minus Expression
   35           | Expression . T_star Expression
   36           | Expression . T_divide Expression
   37           | Expression . T_mod Expression
   38           | Expression . T_or Expression
   39           | Expression . T_lbracket Expression T_rbracket
   40           | Expression . T_dot T_length
   41           | Expression . T_dot Identifier T_lparen ExpressionList T_rparen

    T_dot       shift, and go to state 96
    T_star      shift, and go to state 97
    T_lbracket  shift, and go to state 99
    T_and       shift, and go to state 100
    T_less      shift, and go to state 101
    T_plus      shift, and go to state 102
    T_minus     shift, and go to state 103
    T_divide    shift, and go to state 104
    T_mod       shift, and go to state 105
    T_or        shift, and go to state 106

    T_dot       [reduce using rule 32 (Expression)]
    T_star      [reduce using rule 32 (Expression)]
    T_lbracket  [reduce using rule 32 (Expression)]
    T_and       [reduce using rule 32 (Expression)]
    T_less      [reduce using rule 32 (Expression)]
    T_plus      [reduce using rule 32 (Expression)]
    T_minus     [reduce using rule 32 (Expression)]
    T_divide    [reduce using rule 32 (Expression)]
    T_mod       [reduce using rule 32 (Expression)]
    T_or        [reduce using rule 32 (Expression)]
    $default    reduce using rule 32 (Expression)


State 122

   31 Expression: Expression . T_and Expression
   32           | Expression . T_less Expression
   33           | Expression . T_plus Expression
   33           | Expression T_plus Expression .
   34           | Expression . T_minus Expression
   35           | Expression . T_star Expression
   36           | Expression . T_divide Expression
   37           | Expression . T_mod Expression
   38           | Expression . T_or Expression
   39           | Expression . T_lbracket Expression T_rbracket
   40           | Expression . T_dot T_length
   41           | Expression . T_dot Identifier T_lparen ExpressionList T_rparen

    T_dot       shift, and go to state 96
    T_star      shift, and go to state 97
    T_lbracket  shift, and go to state 99
    T_and       shift, and go to state 100
    T_less      shift, and go to state 101
    T_plus      shift, and go to state 102
    T_minus     shift, and go to state 103
    T_divide    shift, and go to state 104
    T_mod       shift, and go to state 105
    T_or        shift, and go to state 106

    T_dot       [reduce using rule 33 (Expression)]
    T_star      [reduce using rule 33 (Expression)]
    T_lbracket  [reduce using rule 33 (Expression)]
    T_and       [reduce using rule 33 (Expression)]
    T_less      [reduce using rule 33 (Expression)]
    T_plus      [reduce using rule 33 (Expression)]
    T_minus     [reduce using rule 33 (Expression)]
    T_divide    [reduce using rule 33 (Expression)]
    T_mod       [reduce using rule 33 (Expression)]
    T_or        [reduce using rule 33 (Expression)]
    $default    reduce using rule 33 (Expression)


State 123

   31 Expression: Expression . T_and Expression
   32           | Expression . T_less Expression
   33           | Expression . T_plus Expression
   34           | Expression . T_minus Expression
   34           | Expression T_minus Expression .
   35           | Expression . T_star Expression
   36           | Expression . T_divide Expression
   37           | Expression . T_mod Expression
   38           | Expression . T_or Expression
   39           | Expression . T_lbracket Expression T_rbracket
   40           | Expression . T_dot T_length
   41           | Expression . T_dot Identifier T_lparen ExpressionList T_rparen

    T_dot       shift, and go to state 96
    T_star      shift, and go to state 97
    T_lbracket  shift, and go to state 99
    T_and       shift, and go to state 100
    T_less      shift, and go to state 101
    T_plus      shift, and go to state 102
    T_minus     shift, and go to state 103
    T_divide    shift, and go to state 104
    T_mod       shift, and go to state 105
    T_or        shift, and go to state 106

    T_dot       [reduce using rule 34 (Expression)]
    T_star      [reduce using rule 34 (Expression)]
    T_lbracket  [reduce using rule 34 (Expression)]
    T_and       [reduce using rule 34 (Expression)]
    T_less      [reduce using rule 34 (Expression)]
    T_plus      [reduce using rule 34 (Expression)]
    T_minus     [reduce using rule 34 (Expression)]
    T_divide    [reduce using rule 34 (Expression)]
    T_mod       [reduce using rule 34 (Expression)]
    T_or        [reduce using rule 34 (Expression)]
    $default    reduce using rule 34 (Expression)


State 124

   31 Expression: Expression . T_and Expression
   32           | Expression . T_less Expression
   33           | Expression . T_plus Expression
   34           | Expression . T_minus Expression
   35           | Expression . T_star Expression
   36           | Expression . T_divide Expression
   36           | Expression T_divide Expression .
   37           | Expression . T_mod Expression
   38           | Expression . T_or Expression
   39           | Expression . T_lbracket Expression T_rbracket
   40           | Expression . T_dot T_length
   41           | Expression . T_dot Identifier T_lparen ExpressionList T_rparen

    T_dot       shift, and go to state 96
    T_star      shift, and go to state 97
    T_lbracket  shift, and go to state 99
    T_and       shift, and go to state 100
    T_less      shift, and go to state 101
    T_plus      shift, and go to state 102
    T_minus     shift, and go to state 103
    T_divide    shift, and go to state 104
    T_mod       shift, and go to state 105
    T_or        shift, and go to state 106

    T_dot       [reduce using rule 36 (Expression)]
    T_star      [reduce using rule 36 (Expression)]
    T_lbracket  [reduce using rule 36 (Expression)]
    T_and       [reduce using rule 36 (Expression)]
    T_less      [reduce using rule 36 (Expression)]
    T_plus      [reduce using rule 36 (Expression)]
    T_minus     [reduce using rule 36 (Expression)]
    T_divide    [reduce using rule 36 (Expression)]
    T_mod       [reduce using rule 36 (Expression)]
    T_or        [reduce using rule 36 (Expression)]
    $default    reduce using rule 36 (Expression)


State 125

   31 Expression: Expression . T_and Expression
   32           | Expression . T_less Expression
   33           | Expression . T_plus Expression
   34           | Expression . T_minus Expression
   35           | Expression . T_star Expression
   36           | Expression . T_divide Expression
   37           | Expression . T_mod Expression
   37           | Expression T_mod Expression .
   38           | Expression . T_or Expression
   39           | Expression . T_lbracket Expression T_rbracket
   40           | Expression . T_dot T_length
   41           | Expression . T_dot Identifier T_lparen ExpressionList T_rparen

    T_dot       shift, and go to state 96
    T_star      shift, and go to state 97
    T_lbracket  shift, and go to state 99
    T_and       shift, and go to state 100
    T_less      shift, and go to state 101
    T_plus      shift, and go to state 102
    T_minus     shift, and go to state 103
    T_divide    shift, and go to state 104
    T_mod       shift, and go to state 105
    T_or        shift, and go to state 106

    T_dot       [reduce using rule 37 (Expression)]
    T_star      [reduce using rule 37 (Expression)]
    T_lbracket  [reduce using rule 37 (Expression)]
    T_and       [reduce using rule 37 (Expression)]
    T_less      [reduce using rule 37 (Expression)]
    T_plus      [reduce using rule 37 (Expression)]
    T_minus     [reduce using rule 37 (Expression)]
    T_divide    [reduce using rule 37 (Expression)]
    T_mod       [reduce using rule 37 (Expression)]
    T_or        [reduce using rule 37 (Expression)]
    $default    reduce using rule 37 (Expression)


State 126

   31 Expression: Expression . T_and Expression
   32           | Expression . T_less Expression
   33           | Expression . T_plus Expression
   34           | Expression . T_minus Expression
   35           | Expression . T_star Expression
   36           | Expression . T_divide Expression
   37           | Expression . T_mod Expression
   38           | Expression . T_or Expression
   38           | Expression T_or Expression .
   39           | Expression . T_lbracket Expression T_rbracket
   40           | Expression . T_dot T_length
   41           | Expression . T_dot Identifier T_lparen ExpressionList T_rparen

    T_dot       shift, and go to state 96
    T_star      shift, and go to state 97
    T_lbracket  shift, and go to state 99
    T_and       shift, and go to state 100
    T_less      shift, and go to state 101
    T_plus      shift, and go to state 102
    T_minus     shift, and go to state 103
    T_divide    shift, and go to state 104
    T_mod       shift, and go to state 105
    T_or        shift, and go to state 106

    T_dot       [reduce using rule 38 (Expression)]
    T_star      [reduce using rule 38 (Expression)]
    T_lbracket  [reduce using rule 38 (Expression)]
    T_and       [reduce using rule 38 (Expression)]
    T_less      [reduce using rule 38 (Expression)]
    T_plus      [reduce using rule 38 (Expression)]
    T_minus     [reduce using rule 38 (Expression)]
    T_divide    [reduce using rule 38 (Expression)]
    T_mod       [reduce using rule 38 (Expression)]
    T_or        [reduce using rule 38 (Expression)]
    $default    reduce using rule 38 (Expression)


State 127

   27 Statement: T_while T_lparen Expression T_rparen Statement .

    $default  reduce using rule 27 (Statement)


State 128

   28 Statement: T_sop T_lparen Expression T_rparen T_semi .

    $default  reduce using rule 28 (Statement)


State 129

   30 Statement: Identifier T_lbracket Expression T_rbracket T_equal . Expression T_semi

    T_NUM     shift, and go to state 77
    T_ID      shift, and go to state 5
    T_new     shift, and go to state 78
    T_lparen  shift, and go to state 79
    T_true    shift, and go to state 80
    T_false   shift, and go to state 81
    T_this    shift, and go to state 82
    T_not     shift, and go to state 83

    Expression  go to state 136
    Identifier  go to state 85


State 130

   14 MethodDeclaration: T_public Type Identifier T_lparen ArgumentList T_rparen T_lbrace VarDeclarationList StatementList T_return Expression T_semi T_rbrace .

    $default  reduce using rule 14 (MethodDeclaration)


State 131

   31 Expression: Expression . T_and Expression
   32           | Expression . T_less Expression
   33           | Expression . T_plus Expression
   34           | Expression . T_minus Expression
   35           | Expression . T_star Expression
   36           | Expression . T_divide Expression
   37           | Expression . T_mod Expression
   38           | Expression . T_or Expression
   39           | Expression . T_lbracket Expression T_rbracket
   40           | Expression . T_dot T_length
   41           | Expression . T_dot Identifier T_lparen ExpressionList T_rparen
   47           | T_new T_int T_lbracket Expression . T_rbracket

    T_dot       shift, and go to state 96
    T_star      shift, and go to state 97
    T_lbracket  shift, and go to state 99
    T_rbracket  shift, and go to state 137
    T_and       shift, and go to state 100
    T_less      shift, and go to state 101
    T_plus      shift, and go to state 102
    T_minus     shift, and go to state 103
    T_divide    shift, and go to state 104
    T_mod       shift, and go to state 105
    T_or        shift, and go to state 106


State 132

   48 Expression: T_new Identifier T_lparen T_rparen .

    $default  reduce using rule 48 (Expression)


State 133

   41 Expression: Expression T_dot Identifier T_lparen . ExpressionList T_rparen

    T_NUM     shift, and go to state 77
    T_ID      shift, and go to state 5
    T_new     shift, and go to state 78
    T_lparen  shift, and go to state 79
    T_true    shift, and go to state 80
    T_false   shift, and go to state 81
    T_this    shift, and go to state 82
    T_not     shift, and go to state 83

    $default  reduce using rule 51 (ExpressionList)

    Expression      go to state 138
    ExpressionList  go to state 139
    Identifier      go to state 85


State 134

   26 Statement: T_if T_lparen Expression T_rparen Statement T_else . Statement

    T_ID      shift, and go to state 5
    T_lbrace  shift, and go to state 59
    T_if      shift, and go to state 60
    T_while   shift, and go to state 61
    T_sop     shift, and go to state 62

    Statement   go to state 140
    Identifier  go to state 64


State 135

   39 Expression: Expression T_lbracket Expression T_rbracket .

    $default  reduce using rule 39 (Expression)


State 136

   30 Statement: Identifier T_lbracket Expression T_rbracket T_equal Expression . T_semi
   31 Expression: Expression . T_and Expression
   32           | Expression . T_less Expression
   33           | Expression . T_plus Expression
   34           | Expression . T_minus Expression
   35           | Expression . T_star Expression
   36           | Expression . T_divide Expression
   37           | Expression . T_mod Expression
   38           | Expression . T_or Expression
   39           | Expression . T_lbracket Expression T_rbracket
   40           | Expression . T_dot T_length
   41           | Expression . T_dot Identifier T_lparen ExpressionList T_rparen

    T_dot       shift, and go to state 96
    T_star      shift, and go to state 97
    T_lbracket  shift, and go to state 99
    T_and       shift, and go to state 100
    T_less      shift, and go to state 101
    T_plus      shift, and go to state 102
    T_minus     shift, and go to state 103
    T_divide    shift, and go to state 104
    T_mod       shift, and go to state 105
    T_or        shift, and go to state 106
    T_semi      shift, and go to state 141


State 137

   47 Expression: T_new T_int T_lbracket Expression T_rbracket .

    $default  reduce using rule 47 (Expression)


State 138

   31 Expression: Expression . T_and Expression
   32           | Expression . T_less Expression
   33           | Expression . T_plus Expression
   34           | Expression . T_minus Expression
   35           | Expression . T_star Expression
   36           | Expression . T_divide Expression
   37           | Expression . T_mod Expression
   38           | Expression . T_or Expression
   39           | Expression . T_lbracket Expression T_rbracket
   40           | Expression . T_dot T_length
   41           | Expression . T_dot Identifier T_lparen ExpressionList T_rparen
   52 ExpressionList: Expression . T_comma ExpressionList
   53               | Expression .

    T_dot       shift, and go to state 96
    T_star      shift, and go to state 97
    T_lbracket  shift, and go to state 99
    T_and       shift, and go to state 100
    T_less      shift, and go to state 101
    T_plus      shift, and go to state 102
    T_minus     shift, and go to state 103
    T_divide    shift, and go to state 104
    T_mod       shift, and go to state 105
    T_or        shift, and go to state 106
    T_comma     shift, and go to state 142

    $default  reduce using rule 53 (ExpressionList)


State 139

   41 Expression: Expression T_dot Identifier T_lparen ExpressionList . T_rparen

    T_rparen  shift, and go to state 143


State 140

   26 Statement: T_if T_lparen Expression T_rparen Statement T_else Statement .

    $default  reduce using rule 26 (Statement)


State 141

   30 Statement: Identifier T_lbracket Expression T_rbracket T_equal Expression T_semi .

    $default  reduce using rule 30 (Statement)


State 142

   52 ExpressionList: Expression T_comma . ExpressionList

    T_NUM     shift, and go to state 77
    T_ID      shift, and go to state 5
    T_new     shift, and go to state 78
    T_lparen  shift, and go to state 79
    T_true    shift, and go to state 80
    T_false   shift, and go to state 81
    T_this    shift, and go to state 82
    T_not     shift, and go to state 83

    $default  reduce using rule 51 (ExpressionList)

    Expression      go to state 138
    ExpressionList  go to state 144
    Identifier      go to state 85


State 143

   41 Expression: Expression T_dot Identifier T_lparen ExpressionList T_rparen .

    $default  reduce using rule 41 (Expression)


State 144

   52 ExpressionList: Expression T_comma ExpressionList .

    $default  reduce using rule 52 (ExpressionList)
